0 info it worked if it ends with ok
1 verbose cli [ 'node', '/usr/local/bin/npm', 'install', 'connect', '--save' ]
2 info using npm@1.4.28
3 info using node@v0.10.32
4 warn package.json angular-ui-router@1.0.0 No description
5 warn package.json angular-ui-router@1.0.0 No repository field.
6 warn package.json angular-ui-router@1.0.0 No README data
7 verbose readDependencies using package.json deps
8 verbose cache add [ 'connect@^3.3.3', null ]
9 verbose cache add name=undefined spec="connect@^3.3.3" args=["connect@^3.3.3",null]
10 verbose parsed url { protocol: null,
10 verbose parsed url   slashes: null,
10 verbose parsed url   auth: null,
10 verbose parsed url   host: null,
10 verbose parsed url   port: null,
10 verbose parsed url   hostname: null,
10 verbose parsed url   hash: null,
10 verbose parsed url   search: null,
10 verbose parsed url   query: null,
10 verbose parsed url   pathname: 'connect@^3.3.3',
10 verbose parsed url   path: 'connect@^3.3.3',
10 verbose parsed url   href: 'connect@^3.3.3' }
11 verbose cache add name="connect" spec="^3.3.3" args=["connect","^3.3.3"]
12 verbose parsed url { protocol: null,
12 verbose parsed url   slashes: null,
12 verbose parsed url   auth: null,
12 verbose parsed url   host: null,
12 verbose parsed url   port: null,
12 verbose parsed url   hostname: null,
12 verbose parsed url   hash: null,
12 verbose parsed url   search: null,
12 verbose parsed url   query: null,
12 verbose parsed url   pathname: '^3.3.3',
12 verbose parsed url   path: '^3.3.3',
12 verbose parsed url   href: '^3.3.3' }
13 verbose addNamed [ 'connect', '^3.3.3' ]
14 verbose addNamed [ null, '>=3.3.3-0 <4.0.0-0' ]
15 silly lockFile f2ca7ceb-connect-3-3-3 connect@^3.3.3
16 verbose lock connect@^3.3.3 /Users/mithundas/.npm/f2ca7ceb-connect-3-3-3.lock
17 silly addNameRange { name: 'connect', range: '>=3.3.3-0 <4.0.0-0', hasData: false }
18 verbose request where is /connect
19 verbose request registry https://registry.npmjs.org/
20 verbose request id 7f503be7b4b7bcfd
21 verbose url raw /connect
22 verbose url resolving [ 'https://registry.npmjs.org/', './connect' ]
23 verbose url resolved https://registry.npmjs.org/connect
24 verbose request where is https://registry.npmjs.org/connect
25 info trying registry request attempt 1 at 17:48:12
26 verbose etag "7F02QRWNDZEPA4GQQDSVJSZSO"
27 http GET https://registry.npmjs.org/connect
28 http 200 https://registry.npmjs.org/connect
29 silly registry.get cb [ 200,
29 silly registry.get   { date: 'Fri, 27 Mar 2015 21:48:12 GMT',
29 silly registry.get     server: 'CouchDB/1.5.0 (Erlang OTP/R16B03)',
29 silly registry.get     etag: '"64AXXFSA68VRWQAPMR956IYVF"',
29 silly registry.get     'content-type': 'application/json',
29 silly registry.get     'cache-control': 'max-age=60',
29 silly registry.get     'content-length': '319563',
29 silly registry.get     'accept-ranges': 'bytes',
29 silly registry.get     via: '1.1 varnish',
29 silly registry.get     age: '3',
29 silly registry.get     'x-served-by': 'cache-jfk1027-JFK',
29 silly registry.get     'x-cache': 'HIT',
29 silly registry.get     'x-cache-hits': '1',
29 silly registry.get     'x-timer': 'S1427492892.561783,VS0,VE1',
29 silly registry.get     vary: 'Accept',
29 silly registry.get     'keep-alive': 'timeout=10, max=50',
29 silly registry.get     connection: 'Keep-Alive' } ]
30 silly addNameRange number 2 { name: 'connect', range: '>=3.3.3-0 <4.0.0-0', hasData: true }
31 silly addNameRange versions [ 'connect',
31 silly addNameRange   [ '0.0.1',
31 silly addNameRange     '0.0.2',
31 silly addNameRange     '0.0.3',
31 silly addNameRange     '0.0.4',
31 silly addNameRange     '0.0.5',
31 silly addNameRange     '0.0.6',
31 silly addNameRange     '0.1.0',
31 silly addNameRange     '0.2.0',
31 silly addNameRange     '0.2.1',
31 silly addNameRange     '0.2.2',
31 silly addNameRange     '0.2.3',
31 silly addNameRange     '0.2.4',
31 silly addNameRange     '0.2.5',
31 silly addNameRange     '0.2.6',
31 silly addNameRange     '0.2.7',
31 silly addNameRange     '0.3.0',
31 silly addNameRange     '0.4.0',
31 silly addNameRange     '0.5.0',
31 silly addNameRange     '0.5.1',
31 silly addNameRange     '0.5.2',
31 silly addNameRange     '0.5.3',
31 silly addNameRange     '0.5.4',
31 silly addNameRange     '0.5.5',
31 silly addNameRange     '0.5.6',
31 silly addNameRange     '0.5.7',
31 silly addNameRange     '0.5.8',
31 silly addNameRange     '0.5.9',
31 silly addNameRange     '0.5.10',
31 silly addNameRange     '1.0.0',
31 silly addNameRange     '1.0.1',
31 silly addNameRange     '1.0.2',
31 silly addNameRange     '1.0.3',
31 silly addNameRange     '1.0.4',
31 silly addNameRange     '1.0.5',
31 silly addNameRange     '1.0.6',
31 silly addNameRange     '1.1.0',
31 silly addNameRange     '1.1.1',
31 silly addNameRange     '1.1.2',
31 silly addNameRange     '1.1.3',
31 silly addNameRange     '1.1.4',
31 silly addNameRange     '1.1.5',
31 silly addNameRange     '1.2.0',
31 silly addNameRange     '1.2.1',
31 silly addNameRange     '1.2.2',
31 silly addNameRange     '1.2.3',
31 silly addNameRange     '1.3.0',
31 silly addNameRange     '1.4.0',
31 silly addNameRange     '1.4.1',
31 silly addNameRange     '1.4.2',
31 silly addNameRange     '1.4.3',
31 silly addNameRange     '1.4.4',
31 silly addNameRange     '1.4.5',
31 silly addNameRange     '1.4.6',
31 silly addNameRange     '1.5.0',
31 silly addNameRange     '1.5.1',
31 silly addNameRange     '1.5.2',
31 silly addNameRange     '1.6.0',
31 silly addNameRange     '1.6.1',
31 silly addNameRange     '1.6.2',
31 silly addNameRange     '1.6.3',
31 silly addNameRange     '1.6.4',
31 silly addNameRange     '1.7.0',
31 silly addNameRange     '1.7.1',
31 silly addNameRange     '1.7.2',
31 silly addNameRange     '1.7.3',
31 silly addNameRange     '1.8.0',
31 silly addNameRange     '1.8.1',
31 silly addNameRange     '1.8.2',
31 silly addNameRange     '1.8.3',
31 silly addNameRange     '1.8.4',
31 silly addNameRange     '1.8.5',
31 silly addNameRange     '2.0.0',
31 silly addNameRange     '2.0.1',
31 silly addNameRange     '2.0.2',
31 silly addNameRange     '2.0.3',
31 silly addNameRange     '1.8.6',
31 silly addNameRange     '2.1.0',
31 silly addNameRange     '2.1.1',
31 silly addNameRange     '2.1.2',
31 silly addNameRange     '1.8.7',
31 silly addNameRange     '2.1.3',
31 silly addNameRange     '2.2.0',
31 silly addNameRange     '2.2.1',
31 silly addNameRange     '2.2.2',
31 silly addNameRange     '2.3.0',
31 silly addNameRange     '2.3.1',
31 silly addNameRange     '2.3.2',
31 silly addNameRange     '2.3.3',
31 silly addNameRange     '1.9.0',
31 silly addNameRange     '1.9.1',
31 silly addNameRange     '2.3.4',
31 silly addNameRange     '2.3.5',
31 silly addNameRange     '2.3.6',
31 silly addNameRange     '2.3.7',
31 silly addNameRange     '1.9.2',
31 silly addNameRange     '2.3.8',
31 silly addNameRange     '2.3.9',
31 silly addNameRange     '2.4.0',
31 silly addNameRange     '2.4.1',
31 silly addNameRange     '2.4.2',
31 silly addNameRange     '2.4.3',
31 silly addNameRange     '2.4.4',
31 silly addNameRange     '2.4.5',
31 silly addNameRange     '2.4.6',
31 silly addNameRange     '2.5.0',
31 silly addNameRange     '2.6.0',
31 silly addNameRange     '2.6.1',
31 silly addNameRange     '2.6.2',
31 silly addNameRange     '2.7.0',
31 silly addNameRange     '2.7.1',
31 silly addNameRange     '2.7.2',
31 silly addNameRange     '2.7.3',
31 silly addNameRange     '2.7.4',
31 silly addNameRange     '2.7.5',
31 silly addNameRange     '2.7.6',
31 silly addNameRange     '2.7.7',
31 silly addNameRange     '2.7.8',
31 silly addNameRange     '2.7.9',
31 silly addNameRange     '2.7.10',
31 silly addNameRange     '2.7.11',
31 silly addNameRange     '2.8.0',
31 silly addNameRange     '2.8.1',
31 silly addNameRange     '2.8.2',
31 silly addNameRange     '2.8.3',
31 silly addNameRange     '2.8.4',
31 silly addNameRange     '2.8.5',
31 silly addNameRange     '2.8.6',
31 silly addNameRange     '2.8.7',
31 silly addNameRange     '2.8.8',
31 silly addNameRange     '2.9.0',
31 silly addNameRange     '2.9.1',
31 silly addNameRange     '2.9.2',
31 silly addNameRange     '2.10.0',
31 silly addNameRange     '2.10.1',
31 silly addNameRange     '2.11.0',
31 silly addNameRange     '2.11.1',
31 silly addNameRange     '2.11.2',
31 silly addNameRange     '2.12.0',
31 silly addNameRange     '2.13.0',
31 silly addNameRange     '2.13.1',
31 silly addNameRange     '2.14.0',
31 silly addNameRange     '2.14.1',
31 silly addNameRange     '3.0.0-rc.1',
31 silly addNameRange     '2.14.2',
31 silly addNameRange     '2.14.3',
31 silly addNameRange     '2.14.4',
31 silly addNameRange     '2.14.5',
31 silly addNameRange     '2.15.0',
31 silly addNameRange     '3.0.0-rc.2',
31 silly addNameRange     '2.16.0',
31 silly addNameRange     '2.16.1',
31 silly addNameRange     '2.16.2',
31 silly addNameRange     '2.17.0',
31 silly addNameRange     '2.17.1',
31 silly addNameRange     '2.17.2',
31 silly addNameRange     '2.17.3',
31 silly addNameRange     '2.18.0',
31 silly addNameRange     '3.0.0',
31 silly addNameRange     '2.19.0',
31 silly addNameRange     '2.19.1',
31 silly addNameRange     '2.19.2',
31 silly addNameRange     '2.19.3',
31 silly addNameRange     '2.19.4',
31 silly addNameRange     '2.19.5',
31 silly addNameRange     '2.19.6',
31 silly addNameRange     '2.20.0',
31 silly addNameRange     '2.20.1',
31 silly addNameRange     '2.20.2',
31 silly addNameRange     '3.0.1',
31 silly addNameRange     '2.21.0',
31 silly addNameRange     '2.21.1',
31 silly addNameRange     '2.22.0',
31 silly addNameRange     '2.23.0',
31 silly addNameRange     '3.0.2',
31 silly addNameRange     '2.24.0',
31 silly addNameRange     '3.1.0',
31 silly addNameRange     '2.24.1',
31 silly addNameRange     '2.24.2',
31 silly addNameRange     '2.24.3',
31 silly addNameRange     '2.25.0',
31 silly addNameRange     '2.25.1',
31 silly addNameRange     '2.25.2',
31 silly addNameRange     '2.25.3',
31 silly addNameRange     '2.25.4',
31 silly addNameRange     '3.1.1',
31 silly addNameRange     '2.25.5',
31 silly addNameRange     '2.25.6',
31 silly addNameRange     '2.25.7',
31 silly addNameRange     '2.25.8',
31 silly addNameRange     '2.25.9',
31 silly addNameRange     '2.25.10',
31 silly addNameRange     '2.26.0',
31 silly addNameRange     '3.2.0',
31 silly addNameRange     '2.26.1',
31 silly addNameRange     '2.26.2',
31 silly addNameRange     '2.26.3',
31 silly addNameRange     '2.26.4',
31 silly addNameRange     '2.26.5',
31 silly addNameRange     '2.26.6',
31 silly addNameRange     '2.27.0',
31 silly addNameRange     '3.3.0',
31 silly addNameRange     '2.27.1',
31 silly addNameRange     '3.3.1',
31 silly addNameRange     '2.27.2',
31 silly addNameRange     '3.3.2',
31 silly addNameRange     '2.27.3',
31 silly addNameRange     '3.3.3',
31 silly addNameRange     '2.27.4',
31 silly addNameRange     '2.27.5',
31 silly addNameRange     '2.27.6',
31 silly addNameRange     '2.28.0',
31 silly addNameRange     '3.3.4',
31 silly addNameRange     '2.28.1',
31 silly addNameRange     '2.28.2',
31 silly addNameRange     '2.28.3',
31 silly addNameRange     '2.29.0',
31 silly addNameRange     '2.29.1',
31 silly addNameRange     '3.3.5' ] ]
32 verbose addNamed [ 'connect', '3.3.5' ]
33 verbose addNamed [ '3.3.5', '3.3.5' ]
34 silly lockFile 10f076f0-connect-3-3-5 connect@3.3.5
35 verbose lock connect@3.3.5 /Users/mithundas/.npm/10f076f0-connect-3-3-5.lock
36 silly lockFile 89889d54-js-org-connect-connect-3-3-5-tgz https://registry.npmjs.org/connect/-/connect-3.3.5.tgz
37 verbose lock https://registry.npmjs.org/connect/-/connect-3.3.5.tgz /Users/mithundas/.npm/89889d54-js-org-connect-connect-3-3-5-tgz.lock
38 verbose addRemoteTarball [ 'https://registry.npmjs.org/connect/-/connect-3.3.5.tgz',
38 verbose addRemoteTarball   'd1d9958c90a830bb429271e7a0a4aaaa9d033cab' ]
39 info retry fetch attempt 1 at 17:48:12
40 verbose fetch to= /var/folders/c8/l6ly4xcd6dg9kc761wkc48tr0000gn/T/npm-9852-d15OyhpH/registry.npmjs.org/connect/-/connect-3.3.5.tgz
41 http GET https://registry.npmjs.org/connect/-/connect-3.3.5.tgz
42 http 200 https://registry.npmjs.org/connect/-/connect-3.3.5.tgz
43 silly lockFile 89889d54-js-org-connect-connect-3-3-5-tgz https://registry.npmjs.org/connect/-/connect-3.3.5.tgz
44 silly lockFile 89889d54-js-org-connect-connect-3-3-5-tgz https://registry.npmjs.org/connect/-/connect-3.3.5.tgz
45 silly lockFile 10f076f0-connect-3-3-5 connect@3.3.5
46 silly lockFile 10f076f0-connect-3-3-5 connect@3.3.5
47 silly lockFile f2ca7ceb-connect-3-3-3 connect@^3.3.3
48 silly lockFile f2ca7ceb-connect-3-3-3 connect@^3.3.3
49 error Error: EACCES, mkdir '/Users/mithundas/.npm/connect/3.3.5'
49 error  { [Error: EACCES, mkdir '/Users/mithundas/.npm/connect/3.3.5']
49 error   errno: 3,
49 error   code: 'EACCES',
49 error   path: '/Users/mithundas/.npm/connect/3.3.5',
49 error   parent: 'angular-ui-router' }
50 error Please try running this command again as root/Administrator.
51 error System Darwin 14.1.0
52 error command "node" "/usr/local/bin/npm" "install" "connect" "--save"
53 error cwd /Users/mithundas/Project_Workspace/NodeJS/angular-tutorial/angular-ui-router
54 error node -v v0.10.32
55 error npm -v 1.4.28
56 error path /Users/mithundas/.npm/connect/3.3.5
57 error code EACCES
58 error errno 3
59 error stack Error: EACCES, mkdir '/Users/mithundas/.npm/connect/3.3.5'
60 verbose exit [ 3, true ]
